2013-06-05 23:19:32,735 - ResourceManager : unable to find resource '/zhe/zhe.error/404.vm' in any resource loader.
2013-06-05 23:23:18,842 - Left side ($!activityResult.totalRecords) of '>' operation has null value at /bops/appRecommendList.vm[line 30, column 52]
2013-06-05 23:52:14,485 - Left side ($!activityResult.totalRecords) of '>' operation has null value at /bops/appRecommendList.vm[line 30, column 52]
2013-06-05 23:52:16,177 - Left side ($!activityResult.totalRecords) of '>' operation has null value at /bops/appRecommendList.vm[line 30, column 52]
2013-06-05 23:52:25,089 - Left side ($!activityResult.totalRecords) of '>' operation has null value at /bops/appRecommendList.vm[line 30, column 52]
2013-06-05 23:52:46,451 - Left side ($!activityResult.totalRecords) of '>' operation has null value at /bops/appRecommendList.vm[line 30, column 52]
2013-06-19 15:00:54,691 - Left side ($!picModelList1.size()) of '>' operation has null value at /common/bops/pic_detail_box.vm[line 4, column 65]
2013-06-19 15:00:54,695 - Left side ($!picModelList1.size()) of '>' operation has null value at /common/bops/pic_detail_box.vm[line 17, column 80]
2013-06-19 15:06:43,934 - ResourceManager : unable to find resource '/zhe/zhe.error/404.vm' in any resource loader.
2013-06-20 19:52:06,837 - ResourceManager : unable to find resource '/zhe/zhe.error/404.vm' in any resource loader.
2013-06-20 20:44:31,857 - Error invoking method 'get(java.lang.Integer)' in java.util.ArrayList at /bops/cultureList.vm[line 33, column 89]
java.lang.reflect.InvocationTargetException
	at sun.reflect.NativeMethodAccessorImpl.invoke0(Native Method)
	at sun.reflect.NativeMethodAccessorImpl.invoke(NativeMethodAccessorImpl.java:39)
	at sun.reflect.DelegatingMethodAccessorImpl.invoke(DelegatingMethodAccessorImpl.java:25)
	at java.lang.reflect.Method.invoke(Method.java:597)
	at org.apache.velocity.util.introspection.UberspectImpl$VelMethodImpl.doInvoke(UberspectImpl.java:395)
	at org.apache.velocity.util.introspection.UberspectImpl$VelMethodImpl.invoke(UberspectImpl.java:384)
	at org.apache.velocity.runtime.parser.node.ASTIndex.execute(ASTIndex.java:149)
	at org.apache.velocity.runtime.parser.node.ASTReference.execute(ASTReference.java:280)
	at org.apache.velocity.runtime.parser.node.ASTReference.render(ASTReference.java:369)
	at org.apache.velocity.runtime.parser.node.ASTBlock.render(ASTBlock.java:72)
	at org.apache.velocity.runtime.directive.Foreach.render(Foreach.java:420)
	at org.apache.velocity.runtime.parser.node.ASTDirective.render(ASTDirective.java:207)
	at org.apache.velocity.runtime.parser.node.ASTBlock.render(ASTBlock.java:72)
	at org.apache.velocity.runtime.parser.node.ASTIfStatement.render(ASTIfStatement.java:87)
	at org.apache.velocity.runtime.parser.node.SimpleNode.render(SimpleNode.java:342)
	at org.apache.velocity.Template.merge(Template.java:356)
	at org.apache.velocity.Template.merge(Template.java:260)
	at com.doucome.chaoexpo.web.common.velocity.VelocityLayoutResult.doExecute(VelocityLayoutResult.java:99)
	at org.apache.struts2.dispatcher.StrutsResultSupport.execute(StrutsResultSupport.java:186)
	at com.opensymphony.xwork2.DefaultActionInvocation.executeResult(DefaultActionInvocation.java:373)
	at com.opensymphony.xwork2.DefaultActionInvocation.invoke(DefaultActionInvocation.java:277)
	at com.doucome.chaoexpo.web.bops.interceptor.AuthzInterceptor.intercept(AuthzInterceptor.java:27)
	at com.opensymphony.xwork2.DefaultActionInvocation.invoke(DefaultActionInvocation.java:248)
	at com.doucome.chaoexpo.web.bops.interceptor.SetContextInterceptor.intercept(SetContextInterceptor.java:58)
	at com.opensymphony.xwork2.DefaultActionInvocation.invoke(DefaultActionInvocation.java:248)
	at com.opensymphony.xwork2.interceptor.DefaultWorkflowInterceptor.doIntercept(DefaultWorkflowInterceptor.java:176)
	at com.opensymphony.xwork2.interceptor.MethodFilterInterceptor.intercept(MethodFilterInterceptor.java:98)
	at com.opensymphony.xwork2.DefaultActionInvocation.invoke(DefaultActionInvocation.java:248)
	at com.opensymphony.xwork2.validator.ValidationInterceptor.doIntercept(ValidationInterceptor.java:263)
	at org.apache.struts2.interceptor.validation.AnnotationValidationInterceptor.doIntercept(AnnotationValidationInterceptor.java:68)
	at com.opensymphony.xwork2.interceptor.MethodFilterInterceptor.intercept(MethodFilterInterceptor.java:98)
	at com.opensymphony.xwork2.DefaultActionInvocation.invoke(DefaultActionInvocation.java:248)
	at com.opensymphony.xwork2.interceptor.ConversionErrorInterceptor.intercept(ConversionErrorInterceptor.java:133)
	at com.opensymphony.xwork2.DefaultActionInvocation.invoke(DefaultActionInvocation.java:248)
	at com.opensymphony.xwork2.interceptor.ParametersInterceptor.doIntercept(ParametersInterceptor.java:207)
	at com.opensymphony.xwork2.interceptor.MethodFilterInterceptor.intercept(MethodFilterInterceptor.java:98)
	at com.opensymphony.xwork2.DefaultActionInvocation.invoke(DefaultActionInvocation.java:248)
	at com.opensymphony.xwork2.interceptor.ParametersInterceptor.doIntercept(ParametersInterceptor.java:207)
	at com.opensymphony.xwork2.interceptor.MethodFilterInterceptor.intercept(MethodFilterInterceptor.java:98)
	at com.opensymphony.xwork2.DefaultActionInvocation.invoke(DefaultActionInvocation.java:248)
	at com.opensymphony.xwork2.interceptor.StaticParametersInterceptor.intercept(StaticParametersInterceptor.java:190)
	at com.opensymphony.xwork2.DefaultActionInvocation.invoke(DefaultActionInvocation.java:248)
	at org.apache.struts2.interceptor.MultiselectInterceptor.intercept(MultiselectInterceptor.java:75)
	at com.opensymphony.xwork2.DefaultActionInvocation.invoke(DefaultActionInvocation.java:248)
	at org.apache.struts2.interceptor.CheckboxInterceptor.intercept(CheckboxInterceptor.java:94)
	at com.opensymphony.xwork2.DefaultActionInvocation.invoke(DefaultActionInvocation.java:248)
	at org.apache.struts2.interceptor.FileUploadInterceptor.intercept(FileUploadInterceptor.java:243)
	at com.opensymphony.xwork2.DefaultActionInvocation.invoke(DefaultActionInvocation.java:248)
	at com.opensymphony.xwork2.interceptor.ModelDrivenInterceptor.intercept(ModelDrivenInterceptor.java:100)
	at com.opensymphony.xwork2.DefaultActionInvocation.invoke(DefaultActionInvocation.java:248)
	at com.opensymphony.xwork2.interceptor.ScopedModelDrivenInterceptor.intercept(ScopedModelDrivenInterceptor.java:141)
	at com.opensymphony.xwork2.DefaultActionInvocation.invoke(DefaultActionInvocation.java:248)
	at org.apache.struts2.interceptor.debugging.DebuggingInterceptor.intercept(DebuggingInterceptor.java:270)
	at com.opensymphony.xwork2.DefaultActionInvocation.invoke(DefaultActionInvocation.java:248)
	at com.opensymphony.xwork2.interceptor.ChainingInterceptor.intercept(ChainingInterceptor.java:145)
	at com.opensymphony.xwork2.DefaultActionInvocation.invoke(DefaultActionInvocation.java:248)
	at com.opensymphony.xwork2.interceptor.PrepareInterceptor.doIntercept(PrepareInterceptor.java:171)
	at com.opensymphony.xwork2.interceptor.MethodFilterInterceptor.intercept(MethodFilterInterceptor.java:98)
	at com.opensymphony.xwork2.DefaultActionInvocation.invoke(DefaultActionInvocation.java:248)
	at com.opensymphony.xwork2.interceptor.I18nInterceptor.intercept(I18nInterceptor.java:176)
	at com.opensymphony.xwork2.DefaultActionInvocation.invoke(DefaultActionInvocation.java:248)
	at org.apache.struts2.interceptor.ServletConfigInterceptor.intercept(ServletConfigInterceptor.java:164)
	at com.opensymphony.xwork2.DefaultActionInvocation.invoke(DefaultActionInvocation.java:248)
	at com.opensymphony.xwork2.interceptor.AliasInterceptor.intercept(AliasInterceptor.java:190)
	at com.opensymphony.xwork2.DefaultActionInvocation.invoke(DefaultActionInvocation.java:248)
	at com.opensymphony.xwork2.interceptor.ExceptionMappingInterceptor.intercept(ExceptionMappingInterceptor.java:187)
	at com.opensymphony.xwork2.DefaultActionInvocation.invoke(DefaultActionInvocation.java:248)
	at org.apache.struts2.impl.StrutsActionProxy.execute(StrutsActionProxy.java:52)
	at org.apache.struts2.dispatcher.Dispatcher.serviceAction(Dispatcher.java:498)
	at org.apache.struts2.dispatcher.ng.ExecuteOperations.executeAction(ExecuteOperations.java:77)
	at org.apache.struts2.dispatcher.ng.filter.StrutsPrepareAndExecuteFilter.doFilter(StrutsPrepareAndExecuteFilter.java:91)
	at org.eclipse.jetty.servlet.ServletHandler$CachedChain.doFilter(ServletHandler.java:1326)
	at org.tuckey.web.filters.urlrewrite.UrlRewriteFilter.doFilter(UrlRewriteFilter.java:391)
	at org.eclipse.jetty.servlet.ServletHandler$CachedChain.doFilter(ServletHandler.java:1326)
	at com.doucome.chaoexpo.web.common.filter.P3PFilter.doFilter(P3PFilter.java:27)
	at org.eclipse.jetty.servlet.ServletHandler$CachedChain.doFilter(ServletHandler.java:1326)
	at org.eclipse.jetty.servlet.ServletHandler.doHandle(ServletHandler.java:479)
	at org.eclipse.jetty.server.handler.ScopedHandler.handle(ScopedHandler.java:119)
	at org.eclipse.jetty.security.SecurityHandler.handle(SecurityHandler.java:520)
	at org.eclipse.jetty.server.session.SessionHandler.doHandle(SessionHandler.java:227)
	at org.eclipse.jetty.server.handler.ContextHandler.doHandle(ContextHandler.java:940)
	at org.eclipse.jetty.servlet.ServletHandler.doScope(ServletHandler.java:409)
	at org.eclipse.jetty.server.session.SessionHandler.doScope(SessionHandler.java:186)
	at org.eclipse.jetty.server.handler.ContextHandler.doScope(ContextHandler.java:874)
	at org.eclipse.jetty.server.handler.ScopedHandler.handle(ScopedHandler.java:117)
	at org.eclipse.jetty.server.handler.HandlerWrapper.handle(HandlerWrapper.java:110)
	at org.eclipse.jetty.server.Server.handle(Server.java:349)
	at org.eclipse.jetty.server.HttpConnection.handleRequest(HttpConnection.java:441)
	at org.eclipse.jetty.server.HttpConnection$RequestHandler.headerComplete(HttpConnection.java:904)
	at org.eclipse.jetty.http.HttpParser.parseNext(HttpParser.java:565)
	at org.eclipse.jetty.http.HttpParser.parseAvailable(HttpParser.java:217)
	at org.eclipse.jetty.server.AsyncHttpConnection.handle(AsyncHttpConnection.java:46)
	at org.eclipse.jetty.io.nio.SelectChannelEndPoint.handle(SelectChannelEndPoint.java:545)
	at org.eclipse.jetty.io.nio.SelectChannelEndPoint$1.run(SelectChannelEndPoint.java:43)
	at org.eclipse.jetty.util.thread.QueuedThreadPool.runJob(QueuedThreadPool.java:598)
	at org.eclipse.jetty.util.thread.QueuedThreadPool$3.run(QueuedThreadPool.java:533)
	at java.lang.Thread.run(Thread.java:662)
Caused by: java.lang.IndexOutOfBoundsException: Index: 0, Size: 0
	at java.util.ArrayList.RangeCheck(ArrayList.java:547)
	at java.util.ArrayList.get(ArrayList.java:322)
	... 97 more
2013-06-20 20:44:31,915 - ResourceManager : unable to find resource '/zhe/zhe.error/404.vm' in any resource loader.
2013-06-24 23:33:20,504 - ResourceManager : unable to find resource '/zhe/zhe.error/404.vm' in any resource loader.
2013-07-04 19:42:34,832 - ResourceManager : unable to find resource '/zhe/zhe.error/404.vm' in any resource loader.
2013-07-05 16:04:35,388 - ResourceManager : unable to find resource '/zhe/zhe.error/404.vm' in any resource loader.
2013-07-05 16:05:04,621 - ResourceManager : unable to find resource '/zhe/zhe.error/404.vm' in any resource loader.
2013-07-05 16:31:19,673 - ResourceManager : unable to find resource '/zhe/zhe.error/404.vm' in any resource loader.
2013-07-05 16:32:49,791 - ResourceManager : unable to find resource '/zhe/zhe.error/404.vm' in any resource loader.
2013-07-05 16:33:22,798 - ResourceManager : unable to find resource '/zhe/zhe.error/404.vm' in any resource loader.
2013-07-05 16:50:31,316 - ResourceManager : unable to find resource '/zhe/zhe.error/404.vm' in any resource loader.
2013-07-05 17:57:35,604 - ResourceManager : unable to find resource '/zhe/zhe.error/404.vm' in any resource loader.



2013-07-23 15:24:04,832 - ResourceManager : unable to find resource '/zhe/zhe.error/404.vm' in any resource loader.
2013-07-23 15:24:20,802 - ResourceManager : unable to find resource '/zhe/zhe.error/404.vm' in any resource loader.
2013-07-25 21:07:28,252 - ResourceManager : unable to find resource '/zhe/zhe.error/404.vm' in any resource loader.2013-08-09 23:52:45,857 - ResourceManager : unable to find resource '/zhe/zhe.error/404.vm' in any resource loader.
2013-08-12 12:04:01,364 - ResourceManager : unable to find resource '/zhe/zhe.error/404.vm' in any resource loader.
2013-08-12 12:04:33,875 - ResourceManager : unable to find resource '/zhe/zhe.error/404.vm' in any resource loader.
2013-08-12 12:07:18,513 - ResourceManager : unable to find resource '/zhe/zhe.error/404.vm' in any resource loader.
2013-08-12 12:16:58,766 - ResourceManager : unable to find resource '/zhe/zhe.error/404.vm' in any resource loader.
2013-08-12 15:01:19,488 - ResourceManager : unable to find resource '/zhe/zhe.error/404.vm' in any resource loader.
2013-08-12 15:12:14,410 - Left side ($curPage) of '<' operation has null value at /common/bops/_pagination.vm[line 14, column 15]
2013-08-12 15:12:14,411 - Left side ($curPage) of '>' operation has null value at /common/bops/_pagination.vm[line 16, column 19]
2013-08-12 15:12:14,412 - Left side ($prePage) of '<' operation has null value at /common/bops/_pagination.vm[line 26, column 15]
2013-08-12 15:12:14,413 - Left side ($nextPage) of '>' operation has null value at /common/bops/_pagination.vm[line 29, column 16]
2013-08-12 15:12:14,442 - Left side ($_start) of '<' operation has null value at /common/bops/_pagination.vm[line 58, column 22]
2013-08-12 15:12:14,444 - Right side ($totalPages) of '<' operation has null value at /common/bops/_pagination.vm[line 73, column 22]
2013-08-12 15:12:14,493 - Left side ($curPage) of '<' operation has null value at /common/bops/_pagination.vm[line 14, column 15]
2013-08-12 15:12:14,494 - Left side ($curPage) of '>' operation has null value at /common/bops/_pagination.vm[line 16, column 19]
2013-08-12 15:12:14,494 - Left side ($prePage) of '<' operation has null value at /common/bops/_pagination.vm[line 26, column 15]
2013-08-12 15:12:14,494 - Left side ($nextPage) of '>' operation has null value at /common/bops/_pagination.vm[line 29, column 16]
2013-08-12 15:12:14,496 - Left side ($_start) of '<' operation has null value at /common/bops/_pagination.vm[line 58, column 22]
2013-08-12 15:12:14,497 - Right side ($totalPages) of '<' operation has null value at /common/bops/_pagination.vm[line 73, column 22]
2013-08-12 18:14:20,319 - Left side ($curPage) of '<' operation has null value at /common/bops/_pagination.vm[line 14, column 15]
2013-08-12 18:14:20,319 - Left side ($curPage) of '>' operation has null value at /common/bops/_pagination.vm[line 16, column 19]
2013-08-12 18:14:20,320 - Left side ($prePage) of '<' operation has null value at /common/bops/_pagination.vm[line 26, column 15]
2013-08-12 18:14:20,321 - Left side ($nextPage) of '>' operation has null value at /common/bops/_pagination.vm[line 29, column 16]
2013-08-12 18:14:20,342 - Left side ($_start) of '<' operation has null value at /common/bops/_pagination.vm[line 58, column 22]
2013-08-12 18:14:20,343 - Right side ($totalPages) of '<' operation has null value at /common/bops/_pagination.vm[line 73, column 22]
2013-08-12 18:14:20,400 - Left side ($curPage) of '<' operation has null value at /common/bops/_pagination.vm[line 14, column 15]
2013-08-12 18:14:20,400 - Left side ($curPage) of '>' operation has null value at /common/bops/_pagination.vm[line 16, column 19]
2013-08-12 18:14:20,400 - Left side ($prePage) of '<' operation has null value at /common/bops/_pagination.vm[line 26, column 15]
2013-08-12 18:14:20,401 - Left side ($nextPage) of '>' operation has null value at /common/bops/_pagination.vm[line 29, column 16]
2013-08-12 18:14:20,405 - Left side ($_start) of '<' operation has null value at /common/bops/_pagination.vm[line 58, column 22]
2013-08-12 18:14:20,407 - Right side ($totalPages) of '<' operation has null value at /common/bops/_pagination.vm[line 73, column 22]
2013-08-12 18:16:24,083 - Left side ($curPage) of '<' operation has null value at /common/bops/_pagination.vm[line 14, column 15]
2013-08-12 18:16:24,084 - Left side ($curPage) of '>' operation has null value at /common/bops/_pagination.vm[line 16, column 19]
2013-08-12 18:16:24,085 - Left side ($prePage) of '<' operation has null value at /common/bops/_pagination.vm[line 26, column 15]
2013-08-12 18:16:24,086 - Left side ($nextPage) of '>' operation has null value at /common/bops/_pagination.vm[line 29, column 16]
2013-08-12 18:16:24,099 - Left side ($_start) of '<' operation has null value at /common/bops/_pagination.vm[line 58, column 22]
2013-08-12 18:16:24,100 - Right side ($totalPages) of '<' operation has null value at /common/bops/_pagination.vm[line 73, column 22]
2013-08-12 18:16:24,166 - Left side ($curPage) of '<' operation has null value at /common/bops/_pagination.vm[line 14, column 15]
2013-08-12 18:16:24,166 - Left side ($curPage) of '>' operation has null value at /common/bops/_pagination.vm[line 16, column 19]
2013-08-12 18:16:24,166 - Left side ($prePage) of '<' operation has null value at /common/bops/_pagination.vm[line 26, column 15]
2013-08-12 18:16:24,166 - Left side ($nextPage) of '>' operation has null value at /common/bops/_pagination.vm[line 29, column 16]
2013-08-12 18:16:24,187 - Left side ($_start) of '<' operation has null value at /common/bops/_pagination.vm[line 58, column 22]
2013-08-12 18:16:24,188 - Right side ($totalPages) of '<' operation has null value at /common/bops/_pagination.vm[line 73, column 22]
2013-08-12 18:17:03,511 - Left side ($curPage) of '<' operation has null value at /common/bops/_pagination.vm[line 14, column 15]
2013-08-12 18:17:03,543 - Left side ($curPage) of '>' operation has null value at /common/bops/_pagination.vm[line 16, column 19]
2013-08-12 18:17:03,545 - Left side ($prePage) of '<' operation has null value at /common/bops/_pagination.vm[line 26, column 15]
2013-08-12 18:17:03,545 - Left side ($nextPage) of '>' operation has null value at /common/bops/_pagination.vm[line 29, column 16]
2013-08-12 18:17:03,559 - Left side ($_start) of '<' operation has null value at /common/bops/_pagination.vm[line 58, column 22]
2013-08-12 18:17:03,560 - Right side ($totalPages) of '<' operation has null value at /common/bops/_pagination.vm[line 73, column 22]
2013-08-12 18:17:03,627 - Left side ($curPage) of '<' operation has null value at /common/bops/_pagination.vm[line 14, column 15]
2013-08-12 18:17:03,628 - Left side ($curPage) of '>' operation has null value at /common/bops/_pagination.vm[line 16, column 19]
2013-08-12 18:17:03,628 - Left side ($prePage) of '<' operation has null value at /common/bops/_pagination.vm[line 26, column 15]
2013-08-12 18:17:03,628 - Left side ($nextPage) of '>' operation has null value at /common/bops/_pagination.vm[line 29, column 16]
2013-08-12 18:17:03,631 - Left side ($_start) of '<' operation has null value at /common/bops/_pagination.vm[line 58, column 22]
2013-08-12 18:17:03,634 - Right side ($totalPages) of '<' operation has null value at /common/bops/_pagination.vm[line 73, column 22]
2013-08-12 18:17:08,837 - Left side ($curPage) of '<' operation has null value at /common/bops/_pagination.vm[line 14, column 15]
2013-08-12 18:17:08,847 - Left side ($curPage) of '>' operation has null value at /common/bops/_pagination.vm[line 16, column 19]
2013-08-12 18:17:08,847 - Left side ($prePage) of '<' operation has null value at /common/bops/_pagination.vm[line 26, column 15]
2013-08-12 18:17:08,848 - Left side ($nextPage) of '>' operation has null value at /common/bops/_pagination.vm[line 29, column 16]
2013-08-12 18:17:08,856 - Left side ($_start) of '<' operation has null value at /common/bops/_pagination.vm[line 58, column 22]
2013-08-12 18:17:08,858 - Right side ($totalPages) of '<' operation has null value at /common/bops/_pagination.vm[line 73, column 22]
2013-08-12 18:17:08,924 - Left side ($curPage) of '<' operation has null value at /common/bops/_pagination.vm[line 14, column 15]
2013-08-12 18:17:08,924 - Left side ($curPage) of '>' operation has null value at /common/bops/_pagination.vm[line 16, column 19]
2013-08-12 18:17:08,925 - Left side ($prePage) of '<' operation has null value at /common/bops/_pagination.vm[line 26, column 15]
2013-08-12 18:17:08,926 - Left side ($nextPage) of '>' operation has null value at /common/bops/_pagination.vm[line 29, column 16]
2013-08-12 18:17:08,928 - Left side ($_start) of '<' operation has null value at /common/bops/_pagination.vm[line 58, column 22]
2013-08-12 18:17:08,929 - Right side ($totalPages) of '<' operation has null value at /common/bops/_pagination.vm[line 73, column 22]
2013-08-12 18:18:26,432 - Left side ($curPage) of '<' operation has null value at /common/bops/_pagination.vm[line 14, column 15]
2013-08-12 18:18:26,433 - Left side ($curPage) of '>' operation has null value at /common/bops/_pagination.vm[line 16, column 19]
2013-08-12 18:18:26,434 - Left side ($prePage) of '<' operation has null value at /common/bops/_pagination.vm[line 26, column 15]
2013-08-12 18:18:26,434 - Left side ($nextPage) of '>' operation has null value at /common/bops/_pagination.vm[line 29, column 16]
2013-08-12 18:18:26,449 - Left side ($_start) of '<' operation has null value at /common/bops/_pagination.vm[line 58, column 22]
2013-08-12 18:18:26,451 - Right side ($totalPages) of '<' operation has null value at /common/bops/_pagination.vm[line 73, column 22]
2013-08-12 18:18:26,576 - Left side ($curPage) of '<' operation has null value at /common/bops/_pagination.vm[line 14, column 15]
2013-08-12 18:18:26,576 - Left side ($curPage) of '>' operation has null value at /common/bops/_pagination.vm[line 16, column 19]
2013-08-12 18:18:26,577 - Left side ($prePage) of '<' operation has null value at /common/bops/_pagination.vm[line 26, column 15]
2013-08-12 18:18:26,577 - Left side ($nextPage) of '>' operation has null value at /common/bops/_pagination.vm[line 29, column 16]
2013-08-12 18:18:26,579 - Left side ($_start) of '<' operation has null value at /common/bops/_pagination.vm[line 58, column 22]
2013-08-12 18:18:26,580 - Right side ($totalPages) of '<' operation has null value at /common/bops/_pagination.vm[line 73, column 22]
2013-08-12 19:49:40,780 - ResourceManager : unable to find resource '/zhe/zhe.error/404.vm' in any resource loader.
2013-08-12 19:50:14,980 - Left side ($curPage) of '<' operation has null value at /common/bops/_pagination.vm[line 14, column 15]
2013-08-12 19:50:14,980 - Left side ($curPage) of '>' operation has null value at /common/bops/_pagination.vm[line 16, column 19]
2013-08-12 19:50:14,981 - Left side ($prePage) of '<' operation has null value at /common/bops/_pagination.vm[line 26, column 15]
2013-08-12 19:50:14,981 - Left side ($nextPage) of '>' operation has null value at /common/bops/_pagination.vm[line 29, column 16]
2013-08-12 19:50:15,008 - Left side ($_start) of '<' operation has null value at /common/bops/_pagination.vm[line 58, column 22]
2013-08-12 19:50:15,009 - Right side ($totalPages) of '<' operation has null value at /common/bops/_pagination.vm[line 73, column 22]
2013-08-12 19:50:15,063 - Left side ($curPage) of '<' operation has null value at /common/bops/_pagination.vm[line 14, column 15]
2013-08-12 19:50:15,063 - Left side ($curPage) of '>' operation has null value at /common/bops/_pagination.vm[line 16, column 19]
2013-08-12 19:50:15,063 - Left side ($prePage) of '<' operation has null value at /common/bops/_pagination.vm[line 26, column 15]
2013-08-12 19:50:15,064 - Left side ($nextPage) of '>' operation has null value at /common/bops/_pagination.vm[line 29, column 16]
2013-08-12 19:50:15,066 - Left side ($_start) of '<' operation has null value at /common/bops/_pagination.vm[line 58, column 22]
2013-08-12 19:50:15,067 - Right side ($totalPages) of '<' operation has null value at /common/bops/_pagination.vm[line 73, column 22]
2013-08-12 20:19:52,991 - Left side ($curPage) of '<' operation has null value at /common/bops/_pagination.vm[line 14, column 15]
2013-08-12 20:19:52,992 - Left side ($curPage) of '>' operation has null value at /common/bops/_pagination.vm[line 16, column 19]
2013-08-12 20:19:52,993 - Left side ($prePage) of '<' operation has null value at /common/bops/_pagination.vm[line 26, column 15]
2013-08-12 20:19:52,993 - Left side ($nextPage) of '>' operation has null value at /common/bops/_pagination.vm[line 29, column 16]
2013-08-12 20:19:53,015 - Left side ($_start) of '<' operation has null value at /common/bops/_pagination.vm[line 58, column 22]
2013-08-12 20:19:53,017 - Right side ($totalPages) of '<' operation has null value at /common/bops/_pagination.vm[line 73, column 22]
2013-08-12 20:19:53,066 - Left side ($curPage) of '<' operation has null value at /common/bops/_pagination.vm[line 14, column 15]
2013-08-12 20:19:53,066 - Left side ($curPage) of '>' operation has null value at /common/bops/_pagination.vm[line 16, column 19]
2013-08-12 20:19:53,067 - Left side ($prePage) of '<' operation has null value at /common/bops/_pagination.vm[line 26, column 15]
2013-08-12 20:19:53,067 - Left side ($nextPage) of '>' operation has null value at /common/bops/_pagination.vm[line 29, column 16]
2013-08-12 20:19:53,069 - Left side ($_start) of '<' operation has null value at /common/bops/_pagination.vm[line 58, column 22]
2013-08-12 20:19:53,069 - Right side ($totalPages) of '<' operation has null value at /common/bops/_pagination.vm[line 73, column 22]
2013-08-12 20:21:43,040 - Left side ($curPage) of '<' operation has null value at /common/bops/_pagination.vm[line 14, column 15]
2013-08-12 20:21:43,040 - Left side ($curPage) of '>' operation has null value at /common/bops/_pagination.vm[line 16, column 19]
2013-08-12 20:21:43,041 - Left side ($prePage) of '<' operation has null value at /common/bops/_pagination.vm[line 26, column 15]
2013-08-12 20:21:43,041 - Left side ($nextPage) of '>' operation has null value at /common/bops/_pagination.vm[line 29, column 16]
2013-08-12 20:21:43,071 - Left side ($_start) of '<' operation has null value at /common/bops/_pagination.vm[line 58, column 22]
2013-08-12 20:21:43,072 - Right side ($totalPages) of '<' operation has null value at /common/bops/_pagination.vm[line 73, column 22]
2013-08-12 20:21:43,130 - Left side ($curPage) of '<' operation has null value at /common/bops/_pagination.vm[line 14, column 15]
2013-08-12 20:21:43,130 - Left side ($curPage) of '>' operation has null value at /common/bops/_pagination.vm[line 16, column 19]
2013-08-12 20:21:43,130 - Left side ($prePage) of '<' operation has null value at /common/bops/_pagination.vm[line 26, column 15]
2013-08-12 20:21:43,131 - Left side ($nextPage) of '>' operation has null value at /common/bops/_pagination.vm[line 29, column 16]
2013-08-12 20:21:43,132 - Left side ($_start) of '<' operation has null value at /common/bops/_pagination.vm[line 58, column 22]
2013-08-12 20:21:43,133 - Right side ($totalPages) of '<' operation has null value at /common/bops/_pagination.vm[line 73, column 22]
2013-08-12 20:25:54,306 - Left side ($curPage) of '<' operation has null value at /common/bops/_pagination.vm[line 14, column 15]
2013-08-12 20:25:54,306 - Left side ($curPage) of '>' operation has null value at /common/bops/_pagination.vm[line 16, column 19]
2013-08-12 20:25:54,307 - Left side ($prePage) of '<' operation has null value at /common/bops/_pagination.vm[line 26, column 15]
2013-08-12 20:25:54,308 - Left side ($nextPage) of '>' operation has null value at /common/bops/_pagination.vm[line 29, column 16]
2013-08-12 20:25:54,324 - Left side ($_start) of '<' operation has null value at /common/bops/_pagination.vm[line 58, column 22]
2013-08-12 20:25:54,326 - Right side ($totalPages) of '<' operation has null value at /common/bops/_pagination.vm[line 73, column 22]
2013-08-12 20:25:54,394 - Left side ($curPage) of '<' operation has null value at /common/bops/_pagination.vm[line 14, column 15]
2013-08-12 20:25:54,395 - Left side ($curPage) of '>' operation has null value at /common/bops/_pagination.vm[line 16, column 19]
2013-08-12 20:25:54,395 - Left side ($prePage) of '<' operation has null value at /common/bops/_pagination.vm[line 26, column 15]
2013-08-12 20:25:54,395 - Left side ($nextPage) of '>' operation has null value at /common/bops/_pagination.vm[line 29, column 16]
2013-08-12 20:25:54,428 - Left side ($_start) of '<' operation has null value at /common/bops/_pagination.vm[line 58, column 22]
2013-08-12 20:25:54,429 - Right side ($totalPages) of '<' operation has null value at /common/bops/_pagination.vm[line 73, column 22]
2013-08-12 20:26:27,075 - Left side ($curPage) of '<' operation has null value at /common/bops/_pagination.vm[line 14, column 15]
2013-08-12 20:26:27,075 - Left side ($curPage) of '>' operation has null value at /common/bops/_pagination.vm[line 16, column 19]
2013-08-12 20:26:27,076 - Left side ($prePage) of '<' operation has null value at /common/bops/_pagination.vm[line 26, column 15]
2013-08-12 20:26:27,076 - Left side ($nextPage) of '>' operation has null value at /common/bops/_pagination.vm[line 29, column 16]
2013-08-12 20:26:27,078 - Left side ($_start) of '<' operation has null value at /common/bops/_pagination.vm[line 58, column 22]
2013-08-12 20:26:27,085 - Right side ($totalPages) of '<' operation has null value at /common/bops/_pagination.vm[line 73, column 22]
2013-08-12 20:26:27,157 - Left side ($curPage) of '<' operation has null value at /common/bops/_pagination.vm[line 14, column 15]
2013-08-12 20:26:27,158 - Left side ($curPage) of '>' operation has null value at /common/bops/_pagination.vm[line 16, column 19]
2013-08-12 20:26:27,159 - Left side ($prePage) of '<' operation has null value at /common/bops/_pagination.vm[line 26, column 15]
2013-08-12 20:26:27,159 - Left side ($nextPage) of '>' operation has null value at /common/bops/_pagination.vm[line 29, column 16]
2013-08-12 20:26:27,161 - Left side ($_start) of '<' operation has null value at /common/bops/_pagination.vm[line 58, column 22]
2013-08-12 20:26:27,162 - Right side ($totalPages) of '<' operation has null value at /common/bops/_pagination.vm[line 73, column 22]
2013-08-12 20:26:47,719 - Left side ($curPage) of '<' operation has null value at /common/bops/_pagination.vm[line 14, column 15]
2013-08-12 20:26:47,719 - Left side ($curPage) of '>' operation has null value at /common/bops/_pagination.vm[line 16, column 19]
2013-08-12 20:26:47,720 - Left side ($prePage) of '<' operation has null value at /common/bops/_pagination.vm[line 26, column 15]
2013-08-12 20:26:47,720 - Left side ($nextPage) of '>' operation has null value at /common/bops/_pagination.vm[line 29, column 16]
2013-08-12 20:26:47,721 - Left side ($_start) of '<' operation has null value at /common/bops/_pagination.vm[line 58, column 22]
2013-08-12 20:26:47,722 - Right side ($totalPages) of '<' operation has null value at /common/bops/_pagination.vm[line 73, column 22]
2013-08-12 20:26:47,768 - Left side ($curPage) of '<' operation has null value at /common/bops/_pagination.vm[line 14, column 15]
2013-08-12 20:26:47,769 - Left side ($curPage) of '>' operation has null value at /common/bops/_pagination.vm[line 16, column 19]
2013-08-12 20:26:47,769 - Left side ($prePage) of '<' operation has null value at /common/bops/_pagination.vm[line 26, column 15]
2013-08-12 20:26:47,769 - Left side ($nextPage) of '>' operation has null value at /common/bops/_pagination.vm[line 29, column 16]
2013-08-12 20:26:47,778 - Left side ($_start) of '<' operation has null value at /common/bops/_pagination.vm[line 58, column 22]
2013-08-12 20:26:47,780 - Right side ($totalPages) of '<' operation has null value at /common/bops/_pagination.vm[line 73, column 22]
2013-08-12 20:28:06,880 - Left side ($curPage) of '<' operation has null value at /common/bops/_pagination.vm[line 14, column 15]
2013-08-12 20:28:06,881 - Left side ($curPage) of '>' operation has null value at /common/bops/_pagination.vm[line 16, column 19]
2013-08-12 20:28:06,882 - Left side ($prePage) of '<' operation has null value at /common/bops/_pagination.vm[line 26, column 15]
2013-08-12 20:28:06,884 - Left side ($nextPage) of '>' operation has null value at /common/bops/_pagination.vm[line 29, column 16]
2013-08-12 20:28:06,909 - Left side ($_start) of '<' operation has null value at /common/bops/_pagination.vm[line 58, column 22]
2013-08-12 20:28:06,910 - Right side ($totalPages) of '<' operation has null value at /common/bops/_pagination.vm[line 73, column 22]
2013-08-12 20:28:06,970 - Left side ($curPage) of '<' operation has null value at /common/bops/_pagination.vm[line 14, column 15]
2013-08-12 20:28:06,971 - Left side ($curPage) of '>' operation has null value at /common/bops/_pagination.vm[line 16, column 19]
2013-08-12 20:28:06,971 - Left side ($prePage) of '<' operation has null value at /common/bops/_pagination.vm[line 26, column 15]
2013-08-12 20:28:06,971 - Left side ($nextPage) of '>' operation has null value at /common/bops/_pagination.vm[line 29, column 16]
2013-08-12 20:28:06,974 - Left side ($_start) of '<' operation has null value at /common/bops/_pagination.vm[line 58, column 22]
2013-08-12 20:28:06,975 - Right side ($totalPages) of '<' operation has null value at /common/bops/_pagination.vm[line 73, column 22]
2013-08-12 20:28:22,534 - Left side ($curPage) of '<' operation has null value at /common/bops/_pagination.vm[line 14, column 15]
2013-08-12 20:28:22,534 - Left side ($curPage) of '>' operation has null value at /common/bops/_pagination.vm[line 16, column 19]
2013-08-12 20:28:22,534 - Left side ($prePage) of '<' operation has null value at /common/bops/_pagination.vm[line 26, column 15]
2013-08-12 20:28:22,535 - Left side ($nextPage) of '>' operation has null value at /common/bops/_pagination.vm[line 29, column 16]
2013-08-12 20:28:22,536 - Left side ($_start) of '<' operation has null value at /common/bops/_pagination.vm[line 58, column 22]
2013-08-12 20:28:22,539 - Right side ($totalPages) of '<' operation has null value at /common/bops/_pagination.vm[line 73, column 22]
2013-08-12 20:28:22,573 - Left side ($curPage) of '<' operation has null value at /common/bops/_pagination.vm[line 14, column 15]
2013-08-12 20:28:22,573 - Left side ($curPage) of '>' operation has null value at /common/bops/_pagination.vm[line 16, column 19]
2013-08-12 20:28:22,573 - Left side ($prePage) of '<' operation has null value at /common/bops/_pagination.vm[line 26, column 15]
2013-08-12 20:28:22,573 - Left side ($nextPage) of '>' operation has null value at /common/bops/_pagination.vm[line 29, column 16]
2013-08-12 20:28:22,576 - Left side ($_start) of '<' operation has null value at /common/bops/_pagination.vm[line 58, column 22]
2013-08-12 20:28:22,577 - Right side ($totalPages) of '<' operation has null value at /common/bops/_pagination.vm[line 73, column 22]
2013-08-12 20:28:25,789 - Left side ($curPage) of '<' operation has null value at /common/bops/_pagination.vm[line 14, column 15]
2013-08-12 20:28:25,790 - Left side ($curPage) of '>' operation has null value at /common/bops/_pagination.vm[line 16, column 19]
2013-08-12 20:28:25,790 - Left side ($prePage) of '<' operation has null value at /common/bops/_pagination.vm[line 26, column 15]
2013-08-12 20:28:25,790 - Left side ($nextPage) of '>' operation has null value at /common/bops/_pagination.vm[line 29, column 16]
2013-08-12 20:28:25,792 - Left side ($_start) of '<' operation has null value at /common/bops/_pagination.vm[line 58, column 22]
2013-08-12 20:28:25,793 - Right side ($totalPages) of '<' operation has null value at /common/bops/_pagination.vm[line 73, column 22]
2013-08-12 20:28:25,823 - Left side ($curPage) of '<' operation has null value at /common/bops/_pagination.vm[line 14, column 15]
2013-08-12 20:28:25,823 - Left side ($curPage) of '>' operation has null value at /common/bops/_pagination.vm[line 16, column 19]
2013-08-12 20:28:25,823 - Left side ($prePage) of '<' operation has null value at /common/bops/_pagination.vm[line 26, column 15]
2013-08-12 20:28:25,823 - Left side ($nextPage) of '>' operation has null value at /common/bops/_pagination.vm[line 29, column 16]
2013-08-12 20:28:25,834 - Left side ($_start) of '<' operation has null value at /common/bops/_pagination.vm[line 58, column 22]
2013-08-12 20:28:25,835 - Right side ($totalPages) of '<' operation has null value at /common/bops/_pagination.vm[line 73, column 22]
2013-08-12 20:28:50,412 - Left side ($curPage) of '<' operation has null value at /common/bops/_pagination.vm[line 14, column 15]
2013-08-12 20:28:50,412 - Left side ($curPage) of '>' operation has null value at /common/bops/_pagination.vm[line 16, column 19]
2013-08-12 20:28:50,413 - Left side ($prePage) of '<' operation has null value at /common/bops/_pagination.vm[line 26, column 15]
2013-08-12 20:28:50,413 - Left side ($nextPage) of '>' operation has null value at /common/bops/_pagination.vm[line 29, column 16]
2013-08-12 20:28:50,422 - Left side ($_start) of '<' operation has null value at /common/bops/_pagination.vm[line 58, column 22]
2013-08-12 20:28:50,423 - Right side ($totalPages) of '<' operation has null value at /common/bops/_pagination.vm[line 73, column 22]
2013-08-12 20:28:50,453 - Left side ($curPage) of '<' operation has null value at /common/bops/_pagination.vm[line 14, column 15]
2013-08-12 20:28:50,453 - Left side ($curPage) of '>' operation has null value at /common/bops/_pagination.vm[line 16, column 19]
2013-08-12 20:28:50,453 - Left side ($prePage) of '<' operation has null value at /common/bops/_pagination.vm[line 26, column 15]
2013-08-12 20:28:50,453 - Left side ($nextPage) of '>' operation has null value at /common/bops/_pagination.vm[line 29, column 16]
2013-08-12 20:28:50,456 - Left side ($_start) of '<' operation has null value at /common/bops/_pagination.vm[line 58, column 22]
2013-08-12 20:28:50,457 - Right side ($totalPages) of '<' operation has null value at /common/bops/_pagination.vm[line 73, column 22]
2013-08-12 20:30:40,443 - Left side ($curPage) of '<' operation has null value at /common/bops/_pagination.vm[line 14, column 15]
2013-08-12 20:30:40,443 - Left side ($curPage) of '>' operation has null value at /common/bops/_pagination.vm[line 16, column 19]
2013-08-12 20:30:40,444 - Left side ($prePage) of '<' operation has null value at /common/bops/_pagination.vm[line 26, column 15]
2013-08-12 20:30:40,444 - Left side ($nextPage) of '>' operation has null value at /common/bops/_pagination.vm[line 29, column 16]
2013-08-12 20:30:40,445 - Left side ($_start) of '<' operation has null value at /common/bops/_pagination.vm[line 58, column 22]
2013-08-12 20:30:40,446 - Right side ($totalPages) of '<' operation has null value at /common/bops/_pagination.vm[line 73, column 22]
2013-08-12 20:30:40,485 - Left side ($curPage) of '<' operation has null value at /common/bops/_pagination.vm[line 14, column 15]
2013-08-12 20:30:40,485 - Left side ($curPage) of '>' operation has null value at /common/bops/_pagination.vm[line 16, column 19]
2013-08-12 20:30:40,485 - Left side ($prePage) of '<' operation has null value at /common/bops/_pagination.vm[line 26, column 15]
2013-08-12 20:30:40,485 - Left side ($nextPage) of '>' operation has null value at /common/bops/_pagination.vm[line 29, column 16]
2013-08-12 20:30:40,494 - Left side ($_start) of '<' operation has null value at /common/bops/_pagination.vm[line 58, column 22]
2013-08-12 20:30:40,495 - Right side ($totalPages) of '<' operation has null value at /common/bops/_pagination.vm[line 73, column 22]
2013-08-12 20:30:53,923 - ResourceManager : unable to find resource '/zhe/zhe.error/404.vm' in any resource loader.
2013-08-12 20:31:04,305 - ResourceManager : unable to find resource '/zhe/zhe.error/404.vm' in any resource loader.
2013-08-12 20:31:44,747 - Left side ($curPage) of '<' operation has null value at /common/bops/_pagination.vm[line 14, column 15]
2013-08-12 20:31:44,748 - Left side ($curPage) of '>' operation has null value at /common/bops/_pagination.vm[line 16, column 19]
2013-08-12 20:31:44,749 - Left side ($prePage) of '<' operation has null value at /common/bops/_pagination.vm[line 26, column 15]
2013-08-12 20:31:44,750 - Left side ($nextPage) of '>' operation has null value at /common/bops/_pagination.vm[line 29, column 16]
2013-08-12 20:31:44,781 - Left side ($_start) of '<' operation has null value at /common/bops/_pagination.vm[line 58, column 22]
2013-08-12 20:31:44,782 - Right side ($totalPages) of '<' operation has null value at /common/bops/_pagination.vm[line 73, column 22]
2013-08-12 20:31:44,852 - Left side ($curPage) of '<' operation has null value at /common/bops/_pagination.vm[line 14, column 15]
2013-08-12 20:31:44,852 - Left side ($curPage) of '>' operation has null value at /common/bops/_pagination.vm[line 16, column 19]
2013-08-12 20:31:44,852 - Left side ($prePage) of '<' operation has null value at /common/bops/_pagination.vm[line 26, column 15]
2013-08-12 20:31:44,852 - Left side ($nextPage) of '>' operation has null value at /common/bops/_pagination.vm[line 29, column 16]
2013-08-12 20:31:44,869 - Left side ($_start) of '<' operation has null value at /common/bops/_pagination.vm[line 58, column 22]
2013-08-12 20:31:44,870 - Right side ($totalPages) of '<' operation has null value at /common/bops/_pagination.vm[line 73, column 22]
2013-08-12 20:31:50,000 - Left side ($curPage) of '<' operation has null value at /common/bops/_pagination.vm[line 14, column 15]
2013-08-12 20:31:50,000 - Left side ($curPage) of '>' operation has null value at /common/bops/_pagination.vm[line 16, column 19]
2013-08-12 20:31:50,000 - Left side ($prePage) of '<' operation has null value at /common/bops/_pagination.vm[line 26, column 15]
2013-08-12 20:31:50,000 - Left side ($nextPage) of '>' operation has null value at /common/bops/_pagination.vm[line 29, column 16]
2013-08-12 20:31:50,004 - Left side ($_start) of '<' operation has null value at /common/bops/_pagination.vm[line 58, column 22]
2013-08-12 20:31:50,005 - Right side ($totalPages) of '<' operation has null value at /common/bops/_pagination.vm[line 73, column 22]
2013-08-12 20:31:50,046 - Left side ($curPage) of '<' operation has null value at /common/bops/_pagination.vm[line 14, column 15]
2013-08-12 20:31:50,046 - Left side ($curPage) of '>' operation has null value at /common/bops/_pagination.vm[line 16, column 19]
2013-08-12 20:31:50,046 - Left side ($prePage) of '<' operation has null value at /common/bops/_pagination.vm[line 26, column 15]
2013-08-12 20:31:50,047 - Left side ($nextPage) of '>' operation has null value at /common/bops/_pagination.vm[line 29, column 16]
2013-08-12 20:31:50,048 - Left side ($_start) of '<' operation has null value at /common/bops/_pagination.vm[line 58, column 22]
2013-08-12 20:31:50,049 - Right side ($totalPages) of '<' operation has null value at /common/bops/_pagination.vm[line 73, column 22]
